  KMP算法.cpp
  Node.cpp
  中缀转后缀算值.cpp
  作业1.cpp
  作业2.cpp
  作业3.cpp
  作业4.cpp
  可编程计算器4.cpp
  循环队列.cpp
  括号配对栈3.cpp
  栈1.cpp
  栈应用.cpp
  栈迷宫求解.cpp
  源.cpp
  简单匹配算法.cpp
  进制转换栈2.cpp
  银行叫号系统.cpp
  链表.cpp
  链表多项式.cpp
  链表结点移动.cpp
  正在编译...
  队列二项式展开.cpp
  正在生成代码
  Compiler switch has changed, fall back to full compilation.
  All 1 functions were compiled because no usable IPDB/IOBJ from previous compilation was found.
  已完成代码的生成
  DUT-DS.vcxproj -> C:\Users\lenovo\source\repos\DUT-DS\x64\Release\DUT-DS.exe
